<?xml version="1.0" encoding="UTF-8"?>
<testsuite xmlns:xsi="http://www.w3.org/2001/XMLSchema-instance" xsi:noNamespaceSchemaLocation="https://maven.apache.org/surefire/maven-surefire-plugin/xsd/surefire-test-report-3.0.xsd" version="3.0" name="com.scm.ScmApplicationTests" time="11.651" tests="1" errors="0" skipped="0" failures="0">
  <properties>
[...]
</properties>
  <testcase name="sendMail" classname="com.scm.ScmApplicationTests" time="5.103">
    <system-out><![CDATA[12:21:16.216 [main] INFO org.springframework.test.context.support.AnnotationConfigContextLoaderUtils -- Could not detect default configuration classes for test class [com.scm.ScmApplicationTests]: ScmApplicationTests does not declare any static, non-private, non-final, nested classes annotated with @Configuration.
12:21:16.341 [main] INFO org.springframework.boot.test.context.SpringBootTestContextBootstrapper -- Found @SpringBootConfiguration com.scm.ScmApplication for test class com.scm.ScmApplicationTests
12:21:16.548 [main] INFO org.springframework.boot.devtools.restart.RestartApplicationListener -- Restart disabled due to context in which it is running

  .   ____          _            __ _ _
 /\\ / ___'_ __ _ _(_)_ __  __ _ \ \ \ \
( ( )\___ | '_ | '_| | '_ \/ _` | \ \ \ \
 \\/  ___)| |_)| | | | | || (_| |  ) ) ) )
  '  |____| .__|_| |_|_| |_\__, | / / / /
 =========|_|==============|___/=/_/_/_/
 :: Spring Boot ::               (v3.2.10)

2024-10-30T12:21:16.878+05:30  INFO 20200 --- [scm] [           main] com.scm.ScmApplicationTests              : Starting ScmApplicationTests using Java 21.0.4 with PID 20200 (started by 91891 in C:\Users\91891\Documents\workspace-spring-tool-suite-4-4.25.0.RELEASE\scm)
2024-10-30T12:21:16.879+05:30  INFO 20200 --- [scm] [           main] com.scm.ScmApplicationTests              : The following 1 profile is active: "dev"
2024-10-30T12:21:17.791+05:30  INFO 20200 --- [scm] [           main] .s.d.r.c.RepositoryConfigurationDelegate : Bootstrapping Spring Data JPA repositories in DEFAULT mode.
2024-10-30T12:21:17.869+05:30  INFO 20200 --- [scm] [           main] .s.d.r.c.RepositoryConfigurationDelegate : Finished Spring Data repository scanning in 67 ms. Found 2 JPA repository interfaces.
2024-10-30T12:21:18.528+05:30  INFO 20200 --- [scm] [           main] o.hibernate.jpa.internal.util.LogHelper  : HHH000204: Processing PersistenceUnitInfo [name: default]
2024-10-30T12:21:18.611+05:30  INFO 20200 --- [scm] [           main] org.hibernate.Version                    : HHH000412: Hibernate ORM core version 6.4.10.Final
2024-10-30T12:21:18.658+05:30  INFO 20200 --- [scm] [           main] o.h.c.internal.RegionFactoryInitiator    : HHH000026: Second-level cache disabled
2024-10-30T12:21:18.992+05:30  INFO 20200 --- [scm] [           main] o.s.o.j.p.SpringPersistenceUnitInfo      : No LoadTimeWeaver setup: ignoring JPA class transformer
2024-10-30T12:21:19.031+05:30  INFO 20200 --- [scm] [           main] com.zaxxer.hikari.HikariDataSource       : HikariPool-1 - Starting...
2024-10-30T12:21:19.431+05:30  INFO 20200 --- [scm] [           main] com.zaxxer.hikari.pool.HikariPool        : HikariPool-1 - Added connection com.mysql.cj.jdbc.ConnectionImpl@2a16d4dc
2024-10-30T12:21:19.434+05:30  INFO 20200 --- [scm] [           main] com.zaxxer.hikari.HikariDataSource       : HikariPool-1 - Start completed.
2024-10-30T12:21:19.489+05:30  WARN 20200 --- [scm] [           main] org.hibernate.orm.deprecation            : HHH90000025: MySQL8Dialect does not need to be specified explicitly using 'hibernate.dialect' (remove the property setting and it will be selected by default)
2024-10-30T12:21:19.490+05:30  WARN 20200 --- [scm] [           main] org.hibernate.orm.deprecation            : HHH90000026: MySQL8Dialect has been deprecated; use org.hibernate.dialect.MySQLDialect instead
2024-10-30T12:21:20.552+05:30  INFO 20200 --- [scm] [           main] o.h.e.t.j.p.i.JtaPlatformInitiator       : HHH000489: No JTA platform available (set 'hibernate.transaction.jta.platform' to enable JTA platform integration)
2024-10-30T12:21:20.647+05:30  INFO 20200 --- [scm] [           main] j.LocalContainerEntityManagerFactoryBean : Initialized JPA EntityManagerFactory for persistence unit 'default'
2024-10-30T12:21:21.055+05:30  INFO 20200 --- [scm] [           main] o.s.d.j.r.query.QueryEnhancerFactory     : Hibernate is in classpath; If applicable, HQL parser will be used.
2024-10-30T12:21:21.579+05:30  WARN 20200 --- [scm] [           main] JpaBaseConfiguration$JpaWebConfiguration : spring.jpa.open-in-view is enabled by default. Therefore, database queries may be performed during view rendering. Explicitly configure spring.jpa.open-in-view to disable this warning
2024-10-30T12:21:22.092+05:30  INFO 20200 --- [scm] [           main] o.s.s.web.DefaultSecurityFilterChain     : Will secure any request with [org.springframework.security.web.session.DisableEncodeUrlFilter@34b69a14, org.springframework.security.web.context.request.async.WebAsyncManagerIntegrationFilter@210b4145, org.springframework.security.web.context.SecurityContextHolderFilter@427c8f6, org.springframework.security.web.header.HeaderWriterFilter@27002c5a, org.springframework.security.web.authentication.logout.LogoutFilter@2fad470b, org.springframework.security.oauth2.client.web.OAuth2AuthorizationRequestRedirectFilter@130901fd, org.springframework.security.oauth2.client.web.OAuth2LoginAuthenticationFilter@3e0575a2, org.springframework.security.web.authentication.UsernamePasswordAuthenticationFilter@6c524a7f, org.springframework.security.web.savedrequest.RequestCacheAwareFilter@7aeb5402, org.springframework.security.web.servletapi.SecurityContextHolderAwareRequestFilter@339d5e8, org.springframework.security.web.authentication.AnonymousAuthenticationFilter@19cb3f, org.springframework.security.web.access.ExceptionTranslationFilter@279e9c95, org.springframework.security.web.access.intercept.AuthorizationFilter@67aedd28]
2024-10-30T12:21:22.542+05:30  INFO 20200 --- [scm] [           main] com.scm.ScmApplicationTests              : Started ScmApplicationTests in 6.013 seconds (process running for 7.237)
2024-10-30T12:21:23.191+05:30  INFO 20200 --- [scm] [           main] com.scm.services.impl.EmailServiceImpl   : from scm@demomailtrap.com
2024-10-30T12:21:27.657+05:30  INFO 20200 --- [scm] [           main] com.scm.services.impl.EmailServiceImpl   : message sent SimpleMailMessage: from=scm@demomailtrap.com; replyTo=null; to=bheriyaswanth@gmail.com; cc=; bcc=; sentDate=null; subject=This is test message from Mailstrap; text=This is SCM project working on email service
]]></system-out>
    <system-err><![CDATA[WARNING: A Java agent has been loaded dynamically (C:\Users\91891\.m2\repository\net\bytebuddy\byte-buddy-agent\1.14.19\byte-buddy-agent-1.14.19.jar)
WARNING: If a serviceability tool is in use, please run with -XX:+EnableDynamicAgentLoading to hide this warning
WARNING: If a serviceability tool is not in use, please run with -Djdk.instrument.traceUsage for more information
WARNING: Dynamic loading of agents will be disallowed by default in a future release
]]></system-err>
  </testcase>
</testsuite>